<?xml version="1.0" encoding="utf-8"?><testsuites><testsuite name="pytest" errors="0" failures="0" skipped="0" tests="1" time="1.858" timestamp="2022-08-03T08:12:09.209056" hostname="Subratas-MacBook-Pro.local"><testcase classname="test_data_generator" name="test_generate_case_table" time="1.740" /></testsuite></testsuites>