<?xml version="1.0" encoding="utf-8"?><testsuites><testsuite name="pytest" errors="0" failures="0" skipped="0" tests="1" time="0.520" timestamp="2022-06-10T19:41:52.790323" hostname="Subratas-MacBook-Pro.local"><testcase classname="test_analyze_trends" name="test_analyze_trends" time="0.116" /></testsuite></testsuites>