<?xml version="1.0" encoding="utf-8"?><testsuites><testsuite name="pytest" errors="0" failures="0" skipped="0" tests="1" time="46.640" timestamp="2022-05-05T16:21:21.691524" hostname="Subratas-MacBook-Pro.local"><testcase classname="test_encode_string" name="test_one_hot_encode" time="33.376" /></testsuite></testsuites>